[33mCMake Warning at /opt/ros/jazzy/share/webots_ros2_driver/cmake/ament_cmake_export_libraries-extras.cmake:116 (message):
  Package 'webots_ros2_driver' exports library 'controller/libController.so'
  which couldn't be found
Call Stack (most recent call first):
  /opt/ros/jazzy/share/webots_ros2_driver/cmake/webots_ros2_driverConfig.cmake:41 (include)
  CMakeLists.txt:6 (find_package)

[0m
[33mCMake Warning at /opt/ros/jazzy/share/webots_ros2_driver/cmake/ament_cmake_export_libraries-extras.cmake:116 (message):
  Package 'webots_ros2_driver' exports library
  'controller/libCppController.so' which couldn't be found
Call Stack (most recent call first):
  /opt/ros/jazzy/share/webots_ros2_driver/cmake/webots_ros2_driverConfig.cmake:41 (include)
  CMakeLists.txt:6 (find_package)

[0m
[33mCMake Warning at /opt/ros/jazzy/share/webots_ros2_driver/cmake/ament_cmake_export_libraries-extras.cmake:116 (message):
  Package 'webots_ros2_driver' exports library 'controller/libdriver.so'
  which couldn't be found
Call Stack (most recent call first):
  /opt/ros/jazzy/share/webots_ros2_driver/cmake/webots_ros2_driverConfig.cmake:41 (include)
  CMakeLists.txt:6 (find_package)

[0m
[33mCMake Warning at /opt/ros/jazzy/share/webots_ros2_driver/cmake/ament_cmake_export_libraries-extras.cmake:116 (message):
  Package 'webots_ros2_driver' exports library 'controller/libCppDriver.so'
  which couldn't be found
Call Stack (most recent call first):
  /opt/ros/jazzy/share/webots_ros2_driver/cmake/webots_ros2_driverConfig.cmake:41 (include)
  CMakeLists.txt:6 (find_package)

[0m
[33mCMake Warning at /opt/ros/jazzy/share/webots_ros2_driver/cmake/ament_cmake_export_libraries-extras.cmake:116 (message):
  Package 'webots_ros2_driver' exports library 'controller/libcar.so' which
  couldn't be found
Call Stack (most recent call first):
  /opt/ros/jazzy/share/webots_ros2_driver/cmake/webots_ros2_driverConfig.cmake:41 (include)
  CMakeLists.txt:6 (find_package)

[0m
[33mCMake Warning at /opt/ros/jazzy/share/webots_ros2_driver/cmake/ament_cmake_export_libraries-extras.cmake:116 (message):
  Package 'webots_ros2_driver' exports library 'controller/libCppCar.so'
  which couldn't be found
Call Stack (most recent call first):
  /opt/ros/jazzy/share/webots_ros2_driver/cmake/webots_ros2_driverConfig.cmake:41 (include)
  CMakeLists.txt:6 (find_package)

[0m
[33mCMake Warning at /opt/ros/jazzy/share/webots_ros2_driver/cmake/ament_cmake_export_libraries-extras.cmake:116 (message):
  Package 'webots_ros2_driver' exports library
  'controller/libgeneric_robot_window.so' which couldn't be found
Call Stack (most recent call first):
  /opt/ros/jazzy/share/webots_ros2_driver/cmake/webots_ros2_driverConfig.cmake:41 (include)
  CMakeLists.txt:6 (find_package)

[0m
In file included from [01m[K/opt/ros/jazzy/include/webots/cpp/webots/Device.hpp:20[m[K,
                 from [01m[K/opt/ros/jazzy/include/webots/cpp/webots/DistanceSensor.hpp:18[m[K,
                 from [01m[K/home/ubuntu/ros2_ws/src/my_webots_robot/src/my_robot_node.cpp:4[m[K:
[01m[K/opt/ros/jazzy/include/webots/cpp/webots/../../c/webots/types.h:25:2:[m[K [01;35m[Kwarning: [m[K#warning "mixing the C and C++ APIs in the same controller is not supported." [[01;35m[K]8;;https://gcc.gnu.org/onlinedocs/gcc/Warning-Options.html#index-Wcpp-Wcpp]8;;[m[K]
   25 | #[01;35m[Kwarning[m[K "mixing the C and C++ APIs in the same controller is not supported."
      |  [01;35m[K^~~~~~~[m[K
In file included from [01m[K/home/ubuntu/ros2_ws/src/my_webots_robot/include/my_webots_robot/base.h:24[m[K,
                 from [01m[K/home/ubuntu/ros2_ws/src/my_webots_robot/src/my_robot_node.cpp:7[m[K:
[01m[K/opt/ros/jazzy/include/webots/c/webots/types.h:25:2:[m[K [01;35m[Kwarning: [m[K#warning "mixing the C and C++ APIs in the same controller is not supported." [[01;35m[K]8;;https://gcc.gnu.org/onlinedocs/gcc/Warning-Options.html#index-Wcpp-Wcpp]8;;[m[K]
   25 | #[01;35m[Kwarning[m[K "mixing the C and C++ APIs in the same controller is not supported."
      |  [01;35m[K^~~~~~~[m[K
[01m[K/home/ubuntu/ros2_ws/src/my_webots_robot/src/my_robot_node.cpp:57:10:[m[K [01;31m[Kfatal error: [m[Krclcpp_components/register_node_macro.hpp: –ù–µ—Ç —Ç–∞–∫–æ–≥–æ —Ñ–∞–π–ª–∞ –∏–ª–∏ –∫–∞—Ç–∞–ª–æ–≥–∞
   57 | #include [01;31m[K"rclcpp_components/register_node_macro.hpp"[m[K
      |          [01;31m[K^~~~~~~~~~~~~~~~~~~~~~~~~~~~~~~~~~~~~~~~~~~[m[K
compilation terminated.
gmake[2]: *** [CMakeFiles/my_robot_node.dir/build.make:76: CMakeFiles/my_robot_node.dir/src/my_robot_node.cpp.o] –û—à–∏–±–∫–∞ 1
gmake[1]: *** [CMakeFiles/Makefile2:137: CMakeFiles/my_robot_node.dir/all] –û—à–∏–±–∫–∞ 2
gmake: *** [Makefile:146: all] –û—à–∏–±–∫–∞ 2
