[0.018s] Invoking command in '/home/ubuntu/ros2_ws/build/my_webots_robot': DEBUGINFOD_URLS=https://debuginfod.ubuntu.com /usr/bin/cmake --build /home/ubuntu/ros2_ws/build/my_webots_robot -- -j16 -l16
[0.069s] -- Found ament_cmake: 2.5.4 (/opt/ros/jazzy/share/ament_cmake/cmake)
[0.391s] -- Found rclcpp: 28.1.12 (/opt/ros/jazzy/share/rclcpp/cmake)
[0.440s] -- Found rosidl_generator_c: 4.6.6 (/opt/ros/jazzy/share/rosidl_generator_c/cmake)
[0.457s] -- Found rosidl_generator_cpp: 4.6.6 (/opt/ros/jazzy/share/rosidl_generator_cpp/cmake)
[0.472s] -- Using all available rosidl_typesupport_c: rosidl_typesupport_fastrtps_c;rosidl_typesupport_introspection_c
[0.490s] -- Using all available rosidl_typesupport_cpp: rosidl_typesupport_fastrtps_cpp;rosidl_typesupport_introspection_cpp
[0.576s] -- Found rmw_implementation_cmake: 7.3.2 (/opt/ros/jazzy/share/rmw_implementation_cmake/cmake)
[0.577s] -- Found rmw_fastrtps_cpp: 8.4.3 (/opt/ros/jazzy/share/rmw_fastrtps_cpp/cmake)
[0.675s] -- Using RMW implementation 'rmw_fastrtps_cpp' as default
[0.767s] -- Found webots_ros2_driver: 2025.0.0 (/opt/ros/jazzy/share/webots_ros2_driver/cmake)
[0.860s] -- Found eigen3_cmake_module: 0.3.0 (/opt/ros/jazzy/share/eigen3_cmake_module/cmake)
[0.861s] -- Ensuring Eigen3 include directory is part of orocos-kdl CMake target
[1.087s] [33mCMake Warning at /opt/ros/jazzy/share/webots_ros2_driver/cmake/ament_cmake_export_libraries-extras.cmake:116 (message):
[1.087s]   Package 'webots_ros2_driver' exports library 'controller/libController.so'
[1.087s]   which couldn't be found
[1.087s] Call Stack (most recent call first):
[1.087s]   /opt/ros/jazzy/share/webots_ros2_driver/cmake/webots_ros2_driverConfig.cmake:41 (include)
[1.087s]   CMakeLists.txt:6 (find_package)
[1.087s] 
[1.087s] [0m
[1.088s] [33mCMake Warning at /opt/ros/jazzy/share/webots_ros2_driver/cmake/ament_cmake_export_libraries-extras.cmake:116 (message):
[1.088s]   Package 'webots_ros2_driver' exports library
[1.088s]   'controller/libCppController.so' which couldn't be found
[1.088s] Call Stack (most recent call first):
[1.088s]   /opt/ros/jazzy/share/webots_ros2_driver/cmake/webots_ros2_driverConfig.cmake:41 (include)
[1.088s]   CMakeLists.txt:6 (find_package)
[1.088s] 
[1.088s] [0m
[1.089s] [33mCMake Warning at /opt/ros/jazzy/share/webots_ros2_driver/cmake/ament_cmake_export_libraries-extras.cmake:116 (message):
[1.089s]   Package 'webots_ros2_driver' exports library 'controller/libdriver.so'
[1.089s]   which couldn't be found
[1.089s] Call Stack (most recent call first):
[1.089s]   /opt/ros/jazzy/share/webots_ros2_driver/cmake/webots_ros2_driverConfig.cmake:41 (include)
[1.089s]   CMakeLists.txt:6 (find_package)
[1.089s] 
[1.089s] [0m
[1.090s] [33mCMake Warning at /opt/ros/jazzy/share/webots_ros2_driver/cmake/ament_cmake_export_libraries-extras.cmake:116 (message):
[1.090s]   Package 'webots_ros2_driver' exports library 'controller/libCppDriver.so'
[1.090s]   which couldn't be found
[1.090s] Call Stack (most recent call first):
[1.090s]   /opt/ros/jazzy/share/webots_ros2_driver/cmake/webots_ros2_driverConfig.cmake:41 (include)
[1.090s]   CMakeLists.txt:6 (find_package)
[1.090s] 
[1.090s] [0m
[1.091s] [33mCMake Warning at /opt/ros/jazzy/share/webots_ros2_driver/cmake/ament_cmake_export_libraries-extras.cmake:116 (message):
[1.091s]   Package 'webots_ros2_driver' exports library 'controller/libcar.so' which
[1.091s]   couldn't be found
[1.091s] Call Stack (most recent call first):
[1.091s]   /opt/ros/jazzy/share/webots_ros2_driver/cmake/webots_ros2_driverConfig.cmake:41 (include)
[1.091s]   CMakeLists.txt:6 (find_package)
[1.091s] 
[1.091s] [0m
[1.092s] [33mCMake Warning at /opt/ros/jazzy/share/webots_ros2_driver/cmake/ament_cmake_export_libraries-extras.cmake:116 (message):
[1.092s]   Package 'webots_ros2_driver' exports library 'controller/libCppCar.so'
[1.092s]   which couldn't be found
[1.092s] Call Stack (most recent call first):
[1.092s]   /opt/ros/jazzy/share/webots_ros2_driver/cmake/webots_ros2_driverConfig.cmake:41 (include)
[1.092s]   CMakeLists.txt:6 (find_package)
[1.092s] 
[1.092s] [0m
[1.093s] [33mCMake Warning at /opt/ros/jazzy/share/webots_ros2_driver/cmake/ament_cmake_export_libraries-extras.cmake:116 (message):
[1.093s]   Package 'webots_ros2_driver' exports library
[1.093s]   'controller/libgeneric_robot_window.so' which couldn't be found
[1.093s] Call Stack (most recent call first):
[1.093s]   /opt/ros/jazzy/share/webots_ros2_driver/cmake/webots_ros2_driverConfig.cmake:41 (include)
[1.093s]   CMakeLists.txt:6 (find_package)
[1.093s] 
[1.093s] [0m
[1.093s] -- Found pluginlib: 5.4.2 (/opt/ros/jazzy/share/pluginlib/cmake)
[1.165s] -- Configuring done (1.1s)
[1.187s] -- Generating done (0.0s)
[1.193s] -- Build files have been written to: /home/ubuntu/ros2_ws/build/my_webots_robot
[1.228s] [ 50%] [32mBuilding CXX object CMakeFiles/my_robot_node.dir/src/my_robot_node.cpp.o[0m
[1.459s] In file included from [01m[K/opt/ros/jazzy/include/webots/cpp/webots/Device.hpp:20[m[K,
[1.459s]                  from [01m[K/opt/ros/jazzy/include/webots/cpp/webots/DistanceSensor.hpp:18[m[K,
[1.459s]                  from [01m[K/home/ubuntu/ros2_ws/src/my_webots_robot/src/my_robot_node.cpp:4[m[K:
[1.459s] [01m[K/opt/ros/jazzy/include/webots/cpp/webots/../../c/webots/types.h:25:2:[m[K [01;35m[Kwarning: [m[K#warning "mixing the C and C++ APIs in the same controller is not supported." [[01;35m[K]8;;https://gcc.gnu.org/onlinedocs/gcc/Warning-Options.html#index-Wcpp-Wcpp]8;;[m[K]
[1.459s]    25 | #[01;35m[Kwarning[m[K "mixing the C and C++ APIs in the same controller is not supported."
[1.459s]       |  [01;35m[K^~~~~~~[m[K
[1.459s] In file included from [01m[K/home/ubuntu/ros2_ws/src/my_webots_robot/include/my_webots_robot/base.h:24[m[K,
[1.459s]                  from [01m[K/home/ubuntu/ros2_ws/src/my_webots_robot/src/my_robot_node.cpp:7[m[K:
[1.459s] [01m[K/opt/ros/jazzy/include/webots/c/webots/types.h:25:2:[m[K [01;35m[Kwarning: [m[K#warning "mixing the C and C++ APIs in the same controller is not supported." [[01;35m[K]8;;https://gcc.gnu.org/onlinedocs/gcc/Warning-Options.html#index-Wcpp-Wcpp]8;;[m[K]
[1.459s]    25 | #[01;35m[Kwarning[m[K "mixing the C and C++ APIs in the same controller is not supported."
[1.459s]       |  [01;35m[K^~~~~~~[m[K
[1.460s] [01m[K/home/ubuntu/ros2_ws/src/my_webots_robot/src/my_robot_node.cpp:57:10:[m[K [01;31m[Kfatal error: [m[Krclcpp_components/register_node_macro.hpp: –ù–µ—Ç —Ç–∞–∫–æ–≥–æ —Ñ–∞–π–ª–∞ –∏–ª–∏ –∫–∞—Ç–∞–ª–æ–≥–∞
[1.460s]    57 | #include [01;31m[K"rclcpp_components/register_node_macro.hpp"[m[K
[1.460s]       |          [01;31m[K^~~~~~~~~~~~~~~~~~~~~~~~~~~~~~~~~~~~~~~~~~~[m[K
[1.460s] compilation terminated.
[1.463s] gmake[2]: *** [CMakeFiles/my_robot_node.dir/build.make:76: CMakeFiles/my_robot_node.dir/src/my_robot_node.cpp.o] –û—à–∏–±–∫–∞ 1
[1.463s] gmake[1]: *** [CMakeFiles/Makefile2:137: CMakeFiles/my_robot_node.dir/all] –û—à–∏–±–∫–∞ 2
[1.463s] gmake: *** [Makefile:146: all] –û—à–∏–±–∫–∞ 2
[1.466s] Invoked command in '/home/ubuntu/ros2_ws/build/my_webots_robot' returned '2': DEBUGINFOD_URLS=https://debuginfod.ubuntu.com /usr/bin/cmake --build /home/ubuntu/ros2_ws/build/my_webots_robot -- -j16 -l16
