[0.011s] Invoking command in '/home/ubuntu/ros2_ws/build/my_webots_robot': DEBUGINFOD_URLS=https://debuginfod.ubuntu.com /usr/bin/cmake /home/ubuntu/ros2_ws/src/my_webots_robot -DCATKIN_INSTALL_INTO_PREFIX_ROOT=0 -DCATKIN_SYMLINK_INSTALL=ON -DCMAKE_INSTALL_PREFIX=/home/ubuntu/ros2_ws/install/my_webots_robot
[0.027s] -- Found ament_cmake: 2.5.4 (/opt/ros/jazzy/share/ament_cmake/cmake)
[0.217s] -- Found rclcpp: 28.1.12 (/opt/ros/jazzy/share/rclcpp/cmake)
[0.234s] -- Found rosidl_generator_c: 4.6.6 (/opt/ros/jazzy/share/rosidl_generator_c/cmake)
[0.240s] -- Found rosidl_generator_cpp: 4.6.6 (/opt/ros/jazzy/share/rosidl_generator_cpp/cmake)
[0.247s] -- Using all available rosidl_typesupport_c: rosidl_typesupport_fastrtps_c;rosidl_typesupport_introspection_c
[0.256s] -- Using all available rosidl_typesupport_cpp: rosidl_typesupport_fastrtps_cpp;rosidl_typesupport_introspection_cpp
[0.295s] -- Found rmw_implementation_cmake: 7.3.2 (/opt/ros/jazzy/share/rmw_implementation_cmake/cmake)
[0.296s] -- Found rmw_fastrtps_cpp: 8.4.3 (/opt/ros/jazzy/share/rmw_fastrtps_cpp/cmake)
[0.344s] -- Using RMW implementation 'rmw_fastrtps_cpp' as default
[0.385s] -- Found webots_ros2_driver: 2025.0.0 (/opt/ros/jazzy/share/webots_ros2_driver/cmake)
[0.431s] -- Found eigen3_cmake_module: 0.3.0 (/opt/ros/jazzy/share/eigen3_cmake_module/cmake)
[0.432s] -- Ensuring Eigen3 include directory is part of orocos-kdl CMake target
[0.549s] [33mCMake Warning at /opt/ros/jazzy/share/webots_ros2_driver/cmake/ament_cmake_export_libraries-extras.cmake:116 (message):
[0.549s]   Package 'webots_ros2_driver' exports library 'controller/libController.so'
[0.549s]   which couldn't be found
[0.549s] Call Stack (most recent call first):
[0.549s]   /opt/ros/jazzy/share/webots_ros2_driver/cmake/webots_ros2_driverConfig.cmake:41 (include)
[0.549s]   CMakeLists.txt:6 (find_package)
[0.549s] 
[0.549s] [0m
[0.550s] [33mCMake Warning at /opt/ros/jazzy/share/webots_ros2_driver/cmake/ament_cmake_export_libraries-extras.cmake:116 (message):
[0.550s]   Package 'webots_ros2_driver' exports library
[0.550s]   'controller/libCppController.so' which couldn't be found
[0.550s] Call Stack (most recent call first):
[0.550s]   /opt/ros/jazzy/share/webots_ros2_driver/cmake/webots_ros2_driverConfig.cmake:41 (include)
[0.550s]   CMakeLists.txt:6 (find_package)
[0.550s] 
[0.550s] [0m
[0.551s] [33mCMake Warning at /opt/ros/jazzy/share/webots_ros2_driver/cmake/ament_cmake_export_libraries-extras.cmake:116 (message):
[0.551s]   Package 'webots_ros2_driver' exports library 'controller/libdriver.so'
[0.551s]   which couldn't be found
[0.551s] Call Stack (most recent call first):
[0.551s]   /opt/ros/jazzy/share/webots_ros2_driver/cmake/webots_ros2_driverConfig.cmake:41 (include)
[0.551s]   CMakeLists.txt:6 (find_package)
[0.551s] 
[0.551s] [0m
[0.552s] [33mCMake Warning at /opt/ros/jazzy/share/webots_ros2_driver/cmake/ament_cmake_export_libraries-extras.cmake:116 (message):
[0.552s]   Package 'webots_ros2_driver' exports library 'controller/libCppDriver.so'
[0.552s]   which couldn't be found
[0.552s] Call Stack (most recent call first):
[0.552s]   /opt/ros/jazzy/share/webots_ros2_driver/cmake/webots_ros2_driverConfig.cmake:41 (include)
[0.552s]   CMakeLists.txt:6 (find_package)
[0.552s] 
[0.552s] [0m
[0.553s] [33mCMake Warning at /opt/ros/jazzy/share/webots_ros2_driver/cmake/ament_cmake_export_libraries-extras.cmake:116 (message):
[0.553s]   Package 'webots_ros2_driver' exports library 'controller/libcar.so' which
[0.553s]   couldn't be found
[0.553s] Call Stack (most recent call first):
[0.553s]   /opt/ros/jazzy/share/webots_ros2_driver/cmake/webots_ros2_driverConfig.cmake:41 (include)
[0.553s]   CMakeLists.txt:6 (find_package)
[0.553s] 
[0.553s] [0m
[0.554s] [33mCMake Warning at /opt/ros/jazzy/share/webots_ros2_driver/cmake/ament_cmake_export_libraries-extras.cmake:116 (message):
[0.554s]   Package 'webots_ros2_driver' exports library 'controller/libCppCar.so'
[0.554s]   which couldn't be found
[0.554s] Call Stack (most recent call first):
[0.554s]   /opt/ros/jazzy/share/webots_ros2_driver/cmake/webots_ros2_driverConfig.cmake:41 (include)
[0.554s]   CMakeLists.txt:6 (find_package)
[0.554s] 
[0.554s] [0m
[0.554s] [33mCMake Warning at /opt/ros/jazzy/share/webots_ros2_driver/cmake/ament_cmake_export_libraries-extras.cmake:116 (message):
[0.554s]   Package 'webots_ros2_driver' exports library
[0.555s]   'controller/libgeneric_robot_window.so' which couldn't be found
[0.555s] Call Stack (most recent call first):
[0.555s]   /opt/ros/jazzy/share/webots_ros2_driver/cmake/webots_ros2_driverConfig.cmake:41 (include)
[0.555s]   CMakeLists.txt:6 (find_package)
[0.555s] 
[0.555s] [0m
[0.556s] -- Found pluginlib: 5.4.2 (/opt/ros/jazzy/share/pluginlib/cmake)
[0.628s] -- Configuring done (0.6s)
[0.649s] -- Generating done (0.0s)
[0.650s] [33mCMake Warning:
[0.650s]   Manually-specified variables were not used by the project:
[0.650s] 
[0.650s]     CATKIN_SYMLINK_INSTALL
[0.650s] 
[0.650s] [0m
[0.652s] -- Build files have been written to: /home/ubuntu/ros2_ws/build/my_webots_robot
[0.660s] Invoked command in '/home/ubuntu/ros2_ws/build/my_webots_robot' returned '0': DEBUGINFOD_URLS=https://debuginfod.ubuntu.com /usr/bin/cmake /home/ubuntu/ros2_ws/src/my_webots_robot -DCATKIN_INSTALL_INTO_PREFIX_ROOT=0 -DCATKIN_SYMLINK_INSTALL=ON -DCMAKE_INSTALL_PREFIX=/home/ubuntu/ros2_ws/install/my_webots_robot
[0.661s] Invoking command in '/home/ubuntu/ros2_ws/build/my_webots_robot': DEBUGINFOD_URLS=https://debuginfod.ubuntu.com /usr/bin/cmake --build /home/ubuntu/ros2_ws/build/my_webots_robot -- -j16 -l16
[0.707s] [ 50%] [32mBuilding CXX object CMakeFiles/my_robot_node.dir/src/my_robot_node.cpp.o[0m
[0.940s] [01m[K/home/ubuntu/ros2_ws/src/my_webots_robot/src/my_robot_node.cpp:4:10:[m[K [01;31m[Kfatal error: [m[Kwebots_ros2_driver/utils/WebotsDeviceManager.hpp: –ù–µ—Ç —Ç–∞–∫–æ–≥–æ —Ñ–∞–π–ª–∞ –∏–ª–∏ –∫–∞—Ç–∞–ª–æ–≥–∞
[0.940s]     4 | #include [01;31m[K<webots_ros2_driver/utils/WebotsDeviceManager.hpp>[m[K
[0.940s]       |          [01;31m[K^~~~~~~~~~~~~~~~~~~~~~~~~~~~~~~~~~~~~~~~~~~~~~~~~~[m[K
[0.940s] compilation terminated.
[0.943s] gmake[2]: *** [CMakeFiles/my_robot_node.dir/build.make:76: CMakeFiles/my_robot_node.dir/src/my_robot_node.cpp.o] –û—à–∏–±–∫–∞ 1
[0.943s] gmake[1]: *** [CMakeFiles/Makefile2:137: CMakeFiles/my_robot_node.dir/all] –û—à–∏–±–∫–∞ 2
[0.943s] gmake: *** [Makefile:146: all] –û—à–∏–±–∫–∞ 2
[0.946s] Invoked command in '/home/ubuntu/ros2_ws/build/my_webots_robot' returned '2': DEBUGINFOD_URLS=https://debuginfod.ubuntu.com /usr/bin/cmake --build /home/ubuntu/ros2_ws/build/my_webots_robot -- -j16 -l16
