Start testing: Sep 13 11:40 +04
----------------------------------------------------------
1/6 Testing: copyright
1/6 Test: copyright
Command: "/usr/bin/python3" "-u" "/opt/ros/kilted/share/ament_cmake_test/cmake/run_test.py" "/home/ilya/ros2_ws/build/examples_rclcpp_wait_set/test_results/examples_rclcpp_wait_set/copyright.xunit.xml" "--package-name" "examples_rclcpp_wait_set" "--output-file" "/home/ilya/ros2_ws/build/examples_rclcpp_wait_set/ament_copyright/copyright.txt" "--command" "/opt/ros/kilted/bin/ament_copyright" "--xunit-file" "/home/ilya/ros2_ws/build/examples_rclcpp_wait_set/test_results/examples_rclcpp_wait_set/copyright.xunit.xml"
Directory: /home/ilya/ros2_ws/src/examples/rclcpp/wait_set
"copyright" start time: Sep 13 11:40 +04
Output:
----------------------------------------------------------
-- run_test.py: invoking following command in '/home/ilya/ros2_ws/src/examples/rclcpp/wait_set':
 - /opt/ros/kilted/bin/ament_copyright --xunit-file /home/ilya/ros2_ws/build/examples_rclcpp_wait_set/test_results/examples_rclcpp_wait_set/copyright.xunit.xml
No problems found, checked 15 files
-- run_test.py: return code 0
-- run_test.py: verify result file '/home/ilya/ros2_ws/build/examples_rclcpp_wait_set/test_results/examples_rclcpp_wait_set/copyright.xunit.xml'
<end of output>
Test time =   0.18 sec
----------------------------------------------------------
Test Passed.
"copyright" end time: Sep 13 11:40 +04
"copyright" time elapsed: 00:00:00
----------------------------------------------------------

2/6 Testing: cppcheck
2/6 Test: cppcheck
Command: "/usr/bin/python3" "-u" "/opt/ros/kilted/share/ament_cmake_test/cmake/run_test.py" "/home/ilya/ros2_ws/build/examples_rclcpp_wait_set/test_results/examples_rclcpp_wait_set/cppcheck.xunit.xml" "--package-name" "examples_rclcpp_wait_set" "--output-file" "/home/ilya/ros2_ws/build/examples_rclcpp_wait_set/ament_cppcheck/cppcheck.txt" "--command" "/opt/ros/kilted/bin/ament_cppcheck" "--xunit-file" "/home/ilya/ros2_ws/build/examples_rclcpp_wait_set/test_results/examples_rclcpp_wait_set/cppcheck.xunit.xml" "--include_dirs" "/home/ilya/ros2_ws/src/examples/rclcpp/wait_set/include"
Directory: /home/ilya/ros2_ws/src/examples/rclcpp/wait_set
"cppcheck" start time: Sep 13 11:40 +04
Output:
----------------------------------------------------------
-- run_test.py: invoking following command in '/home/ilya/ros2_ws/src/examples/rclcpp/wait_set':
 - /opt/ros/kilted/bin/ament_cppcheck --xunit-file /home/ilya/ros2_ws/build/examples_rclcpp_wait_set/test_results/examples_rclcpp_wait_set/cppcheck.xunit.xml --include_dirs /home/ilya/ros2_ws/src/examples/rclcpp/wait_set/include
cppcheck 2.13.0 has known performance issues and therefore will not be used, set the AMENT_CPPCHECK_ALLOW_SLOW_VERSIONS environment variable to override this.
-- run_test.py: return code 0
-- run_test.py: verify result file '/home/ilya/ros2_ws/build/examples_rclcpp_wait_set/test_results/examples_rclcpp_wait_set/cppcheck.xunit.xml'
<end of output>
Test time =   0.14 sec
----------------------------------------------------------
Test Passed.
"cppcheck" end time: Sep 13 11:40 +04
"cppcheck" time elapsed: 00:00:00
----------------------------------------------------------

3/6 Testing: cpplint
3/6 Test: cpplint
Command: "/usr/bin/python3" "-u" "/opt/ros/kilted/share/ament_cmake_test/cmake/run_test.py" "/home/ilya/ros2_ws/build/examples_rclcpp_wait_set/test_results/examples_rclcpp_wait_set/cpplint.xunit.xml" "--package-name" "examples_rclcpp_wait_set" "--output-file" "/home/ilya/ros2_ws/build/examples_rclcpp_wait_set/ament_cpplint/cpplint.txt" "--command" "/opt/ros/kilted/bin/ament_cpplint" "--xunit-file" "/home/ilya/ros2_ws/build/examples_rclcpp_wait_set/test_results/examples_rclcpp_wait_set/cpplint.xunit.xml"
Directory: /home/ilya/ros2_ws/src/examples/rclcpp/wait_set
"cpplint" start time: Sep 13 11:40 +04
Output:
----------------------------------------------------------
-- run_test.py: invoking following command in '/home/ilya/ros2_ws/src/examples/rclcpp/wait_set':
 - /opt/ros/kilted/bin/ament_cpplint --xunit-file /home/ilya/ros2_ws/build/examples_rclcpp_wait_set/test_results/examples_rclcpp_wait_set/cpplint.xunit.xml
DEBUG: Using '--root=/home/ilya/ros2_ws/src/examples/rclcpp/wait_set/include' argument
Done processing /home/ilya/ros2_ws/src/examples/rclcpp/wait_set/include/wait_set/listener.hpp
Done processing /home/ilya/ros2_ws/src/examples/rclcpp/wait_set/include/wait_set/random_listener.hpp
Done processing /home/ilya/ros2_ws/src/examples/rclcpp/wait_set/include/wait_set/random_talker.hpp
Done processing /home/ilya/ros2_ws/src/examples/rclcpp/wait_set/include/wait_set/talker.hpp
Done processing /home/ilya/ros2_ws/src/examples/rclcpp/wait_set/include/wait_set/visibility.h
DEBUG: Using '--root=/home/ilya/ros2_ws/src/examples/rclcpp/wait_set/src' argument
Done processing /home/ilya/ros2_ws/src/examples/rclcpp/wait_set/src/executor_random_order.cpp
Done processing /home/ilya/ros2_ws/src/examples/rclcpp/wait_set/src/listener.cpp
Done processing /home/ilya/ros2_ws/src/examples/rclcpp/wait_set/src/static_wait_set.cpp
Done processing /home/ilya/ros2_ws/src/examples/rclcpp/wait_set/src/talker.cpp
Done processing /home/ilya/ros2_ws/src/examples/rclcpp/wait_set/src/thread_safe_wait_set.cpp
Done processing /home/ilya/ros2_ws/src/examples/rclcpp/wait_set/src/wait_set.cpp
Done processing /home/ilya/ros2_ws/src/examples/rclcpp/wait_set/src/wait_set_composed.cpp
Done processing /home/ilya/ros2_ws/src/examples/rclcpp/wait_set/src/wait_set_random_order.cpp
Done processing /home/ilya/ros2_ws/src/examples/rclcpp/wait_set/src/wait_set_topics_and_timer.cpp
Done processing /home/ilya/ros2_ws/src/examples/rclcpp/wait_set/src/wait_set_topics_with_different_rates.cpp
DEBUG: No problems found
-- run_test.py: return code 0
-- run_test.py: verify result file '/home/ilya/ros2_ws/build/examples_rclcpp_wait_set/test_results/examples_rclcpp_wait_set/cpplint.xunit.xml'
<end of output>
Test time =   0.33 sec
----------------------------------------------------------
Test Passed.
"cpplint" end time: Sep 13 11:40 +04
"cpplint" time elapsed: 00:00:00
----------------------------------------------------------

4/6 Testing: lint_cmake
4/6 Test: lint_cmake
Command: "/usr/bin/python3" "-u" "/opt/ros/kilted/share/ament_cmake_test/cmake/run_test.py" "/home/ilya/ros2_ws/build/examples_rclcpp_wait_set/test_results/examples_rclcpp_wait_set/lint_cmake.xunit.xml" "--package-name" "examples_rclcpp_wait_set" "--output-file" "/home/ilya/ros2_ws/build/examples_rclcpp_wait_set/ament_lint_cmake/lint_cmake.txt" "--command" "/opt/ros/kilted/bin/ament_lint_cmake" "--xunit-file" "/home/ilya/ros2_ws/build/examples_rclcpp_wait_set/test_results/examples_rclcpp_wait_set/lint_cmake.xunit.xml"
Directory: /home/ilya/ros2_ws/src/examples/rclcpp/wait_set
"lint_cmake" start time: Sep 13 11:40 +04
Output:
----------------------------------------------------------
-- run_test.py: invoking following command in '/home/ilya/ros2_ws/src/examples/rclcpp/wait_set':
 - /opt/ros/kilted/bin/ament_lint_cmake --xunit-file /home/ilya/ros2_ws/build/examples_rclcpp_wait_set/test_results/examples_rclcpp_wait_set/lint_cmake.xunit.xml

No problems found
-- run_test.py: return code 0
-- run_test.py: verify result file '/home/ilya/ros2_ws/build/examples_rclcpp_wait_set/test_results/examples_rclcpp_wait_set/lint_cmake.xunit.xml'
<end of output>
Test time =   0.17 sec
----------------------------------------------------------
Test Passed.
"lint_cmake" end time: Sep 13 11:40 +04
"lint_cmake" time elapsed: 00:00:00
----------------------------------------------------------

5/6 Testing: uncrustify
5/6 Test: uncrustify
Command: "/usr/bin/python3" "-u" "/opt/ros/kilted/share/ament_cmake_test/cmake/run_test.py" "/home/ilya/ros2_ws/build/examples_rclcpp_wait_set/test_results/examples_rclcpp_wait_set/uncrustify.xunit.xml" "--package-name" "examples_rclcpp_wait_set" "--output-file" "/home/ilya/ros2_ws/build/examples_rclcpp_wait_set/ament_uncrustify/uncrustify.txt" "--command" "/opt/ros/kilted/bin/ament_uncrustify" "--xunit-file" "/home/ilya/ros2_ws/build/examples_rclcpp_wait_set/test_results/examples_rclcpp_wait_set/uncrustify.xunit.xml"
Directory: /home/ilya/ros2_ws/src/examples/rclcpp/wait_set
"uncrustify" start time: Sep 13 11:40 +04
Output:
----------------------------------------------------------
-- run_test.py: invoking following command in '/home/ilya/ros2_ws/src/examples/rclcpp/wait_set':
 - /opt/ros/kilted/bin/ament_uncrustify --xunit-file /home/ilya/ros2_ws/build/examples_rclcpp_wait_set/test_results/examples_rclcpp_wait_set/uncrustify.xunit.xml
No code style divergence in file 'include/wait_set/listener.hpp'

No code style divergence in file 'include/wait_set/random_listener.hpp'

No code style divergence in file 'include/wait_set/random_talker.hpp'

No code style divergence in file 'include/wait_set/talker.hpp'

No code style divergence in file 'include/wait_set/visibility.h'

No code style divergence in file 'src/executor_random_order.cpp'

No code style divergence in file 'src/listener.cpp'

No code style divergence in file 'src/static_wait_set.cpp'

No code style divergence in file 'src/talker.cpp'

No code style divergence in file 'src/thread_safe_wait_set.cpp'

No code style divergence in file 'src/wait_set.cpp'

No code style divergence in file 'src/wait_set_composed.cpp'

No code style divergence in file 'src/wait_set_random_order.cpp'

No code style divergence in file 'src/wait_set_topics_and_timer.cpp'

No code style divergence in file 'src/wait_set_topics_with_different_rates.cpp'

No problems found
-- run_test.py: return code 0
-- run_test.py: verify result file '/home/ilya/ros2_ws/build/examples_rclcpp_wait_set/test_results/examples_rclcpp_wait_set/uncrustify.xunit.xml'
<end of output>
Test time =   0.25 sec
----------------------------------------------------------
Test Passed.
"uncrustify" end time: Sep 13 11:40 +04
"uncrustify" time elapsed: 00:00:00
----------------------------------------------------------

6/6 Testing: xmllint
6/6 Test: xmllint
Command: "/usr/bin/python3" "-u" "/opt/ros/kilted/share/ament_cmake_test/cmake/run_test.py" "/home/ilya/ros2_ws/build/examples_rclcpp_wait_set/test_results/examples_rclcpp_wait_set/xmllint.xunit.xml" "--package-name" "examples_rclcpp_wait_set" "--output-file" "/home/ilya/ros2_ws/build/examples_rclcpp_wait_set/ament_xmllint/xmllint.txt" "--command" "/opt/ros/kilted/bin/ament_xmllint" "--xunit-file" "/home/ilya/ros2_ws/build/examples_rclcpp_wait_set/test_results/examples_rclcpp_wait_set/xmllint.xunit.xml"
Directory: /home/ilya/ros2_ws/src/examples/rclcpp/wait_set
"xmllint" start time: Sep 13 11:40 +04
Output:
----------------------------------------------------------
-- run_test.py: invoking following command in '/home/ilya/ros2_ws/src/examples/rclcpp/wait_set':
 - /opt/ros/kilted/bin/ament_xmllint --xunit-file /home/ilya/ros2_ws/build/examples_rclcpp_wait_set/test_results/examples_rclcpp_wait_set/xmllint.xunit.xml
File 'package.xml' is valid

No problems found
-- run_test.py: return code 0
-- run_test.py: verify result file '/home/ilya/ros2_ws/build/examples_rclcpp_wait_set/test_results/examples_rclcpp_wait_set/xmllint.xunit.xml'
<end of output>
Test time =   0.53 sec
----------------------------------------------------------
Test Passed.
"xmllint" end time: Sep 13 11:40 +04
"xmllint" time elapsed: 00:00:00
----------------------------------------------------------

End testing: Sep 13 11:40 +04

copyright =   0.18 sec*proc

cppcheck =   0.14 sec*proc

cpplint =   0.33 sec*proc

lint_cmake =   0.17 sec*proc

linter =   1.60 sec*proc

uncrustify =   0.25 sec*proc

xmllint =   0.53 sec*proc

