<?xml version="1.0" encoding="utf-8"?><testsuites><testsuite name="pytest" errors="0" failures="0" skipped="0" tests="4" time="0.518" timestamp="2025-09-13T11:40:40.970545" hostname="LAPTOP"><testcase classname="examples_rclpy_minimal_service.services.minimal_service.test.test_copyright" name="test_copyright" time="0.030" /><testcase classname="examples_rclpy_minimal_service.services.minimal_service.test.test_flake8" name="test_flake8" time="0.095" /><testcase classname="examples_rclpy_minimal_service.services.minimal_service.test.test_pep257" name="test_pep257" time="0.010" /><testcase classname="examples_rclpy_minimal_service.services.minimal_service.test.test_xmllint" name="test_xmllint" time="0.306" /></testsuite></testsuites>