<?xml version="1.0" encoding="utf-8"?><testsuites><testsuite name="pytest" errors="0" failures="0" skipped="0" tests="4" time="0.573" timestamp="2025-09-13T11:40:40.808244" hostname="LAPTOP"><testcase classname="examples_rclpy_minimal_subscriber.topics.minimal_subscriber.test.test_copyright" name="test_copyright" time="0.029" /><testcase classname="examples_rclpy_minimal_subscriber.topics.minimal_subscriber.test.test_flake8" name="test_flake8" time="0.087" /><testcase classname="examples_rclpy_minimal_subscriber.topics.minimal_subscriber.test.test_pep257" name="test_pep257" time="0.011" /><testcase classname="examples_rclpy_minimal_subscriber.topics.minimal_subscriber.test.test_xmllint" name="test_xmllint" time="0.358" /></testsuite></testsuites>