[0.011s] Invoking command in '/home/ubuntu/ros2_ws/build/my_webots_robot': DEBUGINFOD_URLS=https://debuginfod.ubuntu.com /usr/bin/cmake /home/ubuntu/ros2_ws/src/my_webots_robot -DCATKIN_INSTALL_INTO_PREFIX_ROOT=0 -DCMAKE_INSTALL_PREFIX=/home/ubuntu/ros2_ws/install/my_webots_robot
[0.071s] -- The C compiler identification is GNU 13.3.0
[0.131s] -- The CXX compiler identification is GNU 13.3.0
[0.149s] -- Detecting C compiler ABI info
[0.222s] -- Detecting C compiler ABI info - done
[0.228s] -- Check for working C compiler: /usr/bin/cc - skipped
[0.228s] -- Detecting C compile features
[0.228s] -- Detecting C compile features - done
[0.237s] -- Detecting CXX compiler ABI info
[0.312s] -- Detecting CXX compiler ABI info - done
[0.319s] -- Check for working CXX compiler: /usr/bin/c++ - skipped
[0.319s] -- Detecting CXX compile features
[0.319s] -- Detecting CXX compile features - done
[0.322s] -- Found ament_cmake: 2.5.4 (/opt/ros/jazzy/share/ament_cmake/cmake)
[0.425s] -- Found Python3: /usr/bin/python3 (found version "3.12.3") found components: Interpreter 
[0.501s] -- Found rclcpp: 28.1.12 (/opt/ros/jazzy/share/rclcpp/cmake)
[0.532s] -- Found rosidl_generator_c: 4.6.6 (/opt/ros/jazzy/share/rosidl_generator_c/cmake)
[0.541s] -- Found rosidl_generator_cpp: 4.6.6 (/opt/ros/jazzy/share/rosidl_generator_cpp/cmake)
[0.552s] -- Using all available rosidl_typesupport_c: rosidl_typesupport_fastrtps_c;rosidl_typesupport_introspection_c
[0.564s] -- Using all available rosidl_typesupport_cpp: rosidl_typesupport_fastrtps_cpp;rosidl_typesupport_introspection_cpp
[0.615s] -- Found rmw_implementation_cmake: 7.3.2 (/opt/ros/jazzy/share/rmw_implementation_cmake/cmake)
[0.618s] -- Found rmw_fastrtps_cpp: 8.4.3 (/opt/ros/jazzy/share/rmw_fastrtps_cpp/cmake)
[0.686s] -- Found OpenSSL: /usr/lib/x86_64-linux-gnu/libcrypto.so (found version "3.0.13")  
[0.704s] -- Found FastRTPS: /opt/ros/jazzy/include (Required is at least version "2.13") 
[0.726s] -- Using RMW implementation 'rmw_fastrtps_cpp' as default
[0.777s] -- Found webots_ros2_driver: 2025.0.0 (/opt/ros/jazzy/share/webots_ros2_driver/cmake)
[0.840s] -- Found eigen3_cmake_module: 0.3.0 (/opt/ros/jazzy/share/eigen3_cmake_module/cmake)
[0.840s] -- Found Eigen3: TRUE (found version "3.4.0") 
[0.840s] -- Ensuring Eigen3 include directory is part of orocos-kdl CMake target
[0.985s] [33mCMake Warning at /opt/ros/jazzy/share/webots_ros2_driver/cmake/ament_cmake_export_libraries-extras.cmake:116 (message):
[0.985s]   Package 'webots_ros2_driver' exports library 'controller/libController.so'
[0.985s]   which couldn't be found
[0.985s] Call Stack (most recent call first):
[0.985s]   /opt/ros/jazzy/share/webots_ros2_driver/cmake/webots_ros2_driverConfig.cmake:41 (include)
[0.985s]   CMakeLists.txt:6 (find_package)
[0.985s] 
[0.985s] [0m
[0.986s] [33mCMake Warning at /opt/ros/jazzy/share/webots_ros2_driver/cmake/ament_cmake_export_libraries-extras.cmake:116 (message):
[0.986s]   Package 'webots_ros2_driver' exports library
[0.986s]   'controller/libCppController.so' which couldn't be found
[0.986s] Call Stack (most recent call first):
[0.986s]   /opt/ros/jazzy/share/webots_ros2_driver/cmake/webots_ros2_driverConfig.cmake:41 (include)
[0.986s]   CMakeLists.txt:6 (find_package)
[0.986s] 
[0.986s] [0m
[0.986s] [33mCMake Warning at /opt/ros/jazzy/share/webots_ros2_driver/cmake/ament_cmake_export_libraries-extras.cmake:116 (message):
[0.986s]   Package 'webots_ros2_driver' exports library 'controller/libdriver.so'
[0.986s]   which couldn't be found
[0.986s] Call Stack (most recent call first):
[0.986s]   /opt/ros/jazzy/share/webots_ros2_driver/cmake/webots_ros2_driverConfig.cmake:41 (include)
[0.986s]   CMakeLists.txt:6 (find_package)
[0.986s] 
[0.987s] [0m
[0.987s] [33mCMake Warning at /opt/ros/jazzy/share/webots_ros2_driver/cmake/ament_cmake_export_libraries-extras.cmake:116 (message):
[0.987s]   Package 'webots_ros2_driver' exports library 'controller/libCppDriver.so'
[0.987s]   which couldn't be found
[0.987s] Call Stack (most recent call first):
[0.987s]   /opt/ros/jazzy/share/webots_ros2_driver/cmake/webots_ros2_driverConfig.cmake:41 (include)
[0.987s]   CMakeLists.txt:6 (find_package)
[0.987s] 
[0.987s] [0m
[0.988s] [33mCMake Warning at /opt/ros/jazzy/share/webots_ros2_driver/cmake/ament_cmake_export_libraries-extras.cmake:116 (message):
[0.988s]   Package 'webots_ros2_driver' exports library 'controller/libcar.so' which
[0.988s]   couldn't be found
[0.988s] Call Stack (most recent call first):
[0.988s]   /opt/ros/jazzy/share/webots_ros2_driver/cmake/webots_ros2_driverConfig.cmake:41 (include)
[0.988s]   CMakeLists.txt:6 (find_package)
[0.988s] 
[0.988s] [0m
[0.989s] [33mCMake Warning at /opt/ros/jazzy/share/webots_ros2_driver/cmake/ament_cmake_export_libraries-extras.cmake:116 (message):
[0.989s]   Package 'webots_ros2_driver' exports library 'controller/libCppCar.so'
[0.989s]   which couldn't be found
[0.989s] Call Stack (most recent call first):
[0.989s]   /opt/ros/jazzy/share/webots_ros2_driver/cmake/webots_ros2_driverConfig.cmake:41 (include)
[0.989s]   CMakeLists.txt:6 (find_package)
[0.989s] 
[0.989s] [0m
[0.989s] [33mCMake Warning at /opt/ros/jazzy/share/webots_ros2_driver/cmake/ament_cmake_export_libraries-extras.cmake:116 (message):
[0.990s]   Package 'webots_ros2_driver' exports library
[0.990s]   'controller/libgeneric_robot_window.so' which couldn't be found
[0.990s] Call Stack (most recent call first):
[0.990s]   /opt/ros/jazzy/share/webots_ros2_driver/cmake/webots_ros2_driverConfig.cmake:41 (include)
[0.990s]   CMakeLists.txt:6 (find_package)
[0.990s] 
[0.990s] [0m
[1.055s] -- Configuring done (1.0s)
[1.076s] -- Generating done (0.0s)
[1.077s] [33mCMake Warning:
[1.077s]   Manually-specified variables were not used by the project:
[1.077s] 
[1.077s]     CATKIN_INSTALL_INTO_PREFIX_ROOT
[1.077s] 
[1.077s] [0m
[1.079s] -- Build files have been written to: /home/ubuntu/ros2_ws/build/my_webots_robot
[1.088s] Invoked command in '/home/ubuntu/ros2_ws/build/my_webots_robot' returned '0': DEBUGINFOD_URLS=https://debuginfod.ubuntu.com /usr/bin/cmake /home/ubuntu/ros2_ws/src/my_webots_robot -DCATKIN_INSTALL_INTO_PREFIX_ROOT=0 -DCMAKE_INSTALL_PREFIX=/home/ubuntu/ros2_ws/install/my_webots_robot
[1.089s] Invoking command in '/home/ubuntu/ros2_ws/build/my_webots_robot': DEBUGINFOD_URLS=https://debuginfod.ubuntu.com /usr/bin/cmake --build /home/ubuntu/ros2_ws/build/my_webots_robot -- -j16 -l16
[1.137s] [ 50%] [32mBuilding CXX object CMakeFiles/my_robot_node.dir/src/my_robot_node.cpp.o[0m
[1.342s] In file included from [01m[K/home/ubuntu/ros2_ws/src/my_webots_robot/src/my_robot_node.cpp:3[m[K:
[1.343s] [01m[K/opt/ros/jazzy/include/webots_ros2_driver/WebotsNode.hpp:26:10:[m[K [01;31m[Kfatal error: [m[Kpluginlib/class_loader.hpp: –ù–µ—Ç —Ç–∞–∫–æ–≥–æ —Ñ–∞–π–ª–∞ –∏–ª–∏ –∫–∞—Ç–∞–ª–æ–≥–∞
[1.343s]    26 | #include [01;31m[K<pluginlib/class_loader.hpp>[m[K
[1.343s]       |          [01;31m[K^~~~~~~~~~~~~~~~~~~~~~~~~~~~[m[K
[1.343s] compilation terminated.
[1.346s] gmake[2]: *** [CMakeFiles/my_robot_node.dir/build.make:76: CMakeFiles/my_robot_node.dir/src/my_robot_node.cpp.o] –û—à–∏–±–∫–∞ 1
[1.346s] gmake[1]: *** [CMakeFiles/Makefile2:137: CMakeFiles/my_robot_node.dir/all] –û—à–∏–±–∫–∞ 2
[1.347s] gmake: *** [Makefile:146: all] –û—à–∏–±–∫–∞ 2
[1.349s] Invoked command in '/home/ubuntu/ros2_ws/build/my_webots_robot' returned '2': DEBUGINFOD_URLS=https://debuginfod.ubuntu.com /usr/bin/cmake --build /home/ubuntu/ros2_ws/build/my_webots_robot -- -j16 -l16
