<?xml version="1.0" encoding="utf-8"?><testsuites><testsuite name="pytest" errors="0" failures="0" skipped="0" tests="4" time="0.531" timestamp="2025-09-13T11:40:40.250644" hostname="LAPTOP"><testcase classname="examples_rclpy_minimal_client.services.minimal_client.test.test_copyright" name="test_copyright" time="0.031" /><testcase classname="examples_rclpy_minimal_client.services.minimal_client.test.test_flake8" name="test_flake8" time="0.092" /><testcase classname="examples_rclpy_minimal_client.services.minimal_client.test.test_pep257" name="test_pep257" time="0.013" /><testcase classname="examples_rclpy_minimal_client.services.minimal_client.test.test_xmllint" name="test_xmllint" time="0.316" /></testsuite></testsuites>