<?xml version="1.0" encoding="utf-8"?><testsuites><testsuite name="pytest" errors="0" failures="0" skipped="0" tests="4" time="0.731" timestamp="2025-09-13T11:40:39.091497" hostname="LAPTOP"><testcase classname="examples_rclpy_minimal_action_client.actions.minimal_action_client.test.test_copyright" name="test_copyright" time="0.036" /><testcase classname="examples_rclpy_minimal_action_client.actions.minimal_action_client.test.test_flake8" name="test_flake8" time="0.190" /><testcase classname="examples_rclpy_minimal_action_client.actions.minimal_action_client.test.test_pep257" name="test_pep257" time="0.027" /><testcase classname="examples_rclpy_minimal_action_client.actions.minimal_action_client.test.test_xmllint" name="test_xmllint" time="0.344" /></testsuite></testsuites>