[0.021s] Invoking command in '/home/ubuntu/ros2_ws/build/my_webots_robot': DEBUGINFOD_URLS=https://debuginfod.ubuntu.com /usr/bin/cmake --build /home/ubuntu/ros2_ws/build/my_webots_robot -- -j16 -l16
[0.069s] -- Found ament_cmake: 2.5.4 (/opt/ros/jazzy/share/ament_cmake/cmake)
[0.388s] -- Found rclcpp: 28.1.12 (/opt/ros/jazzy/share/rclcpp/cmake)
[0.429s] -- Found rosidl_generator_c: 4.6.6 (/opt/ros/jazzy/share/rosidl_generator_c/cmake)
[0.444s] -- Found rosidl_generator_cpp: 4.6.6 (/opt/ros/jazzy/share/rosidl_generator_cpp/cmake)
[0.461s] -- Using all available rosidl_typesupport_c: rosidl_typesupport_fastrtps_c;rosidl_typesupport_introspection_c
[0.479s] -- Using all available rosidl_typesupport_cpp: rosidl_typesupport_fastrtps_cpp;rosidl_typesupport_introspection_cpp
[0.572s] -- Found rmw_implementation_cmake: 7.3.2 (/opt/ros/jazzy/share/rmw_implementation_cmake/cmake)
[0.574s] -- Found rmw_fastrtps_cpp: 8.4.3 (/opt/ros/jazzy/share/rmw_fastrtps_cpp/cmake)
[0.677s] -- Using RMW implementation 'rmw_fastrtps_cpp' as default
[0.777s] -- Found webots_ros2_driver: 2025.0.0 (/opt/ros/jazzy/share/webots_ros2_driver/cmake)
[0.874s] -- Found eigen3_cmake_module: 0.3.0 (/opt/ros/jazzy/share/eigen3_cmake_module/cmake)
[0.876s] -- Ensuring Eigen3 include directory is part of orocos-kdl CMake target
[1.137s] [33mCMake Warning at /opt/ros/jazzy/share/webots_ros2_driver/cmake/ament_cmake_export_libraries-extras.cmake:116 (message):
[1.138s]   Package 'webots_ros2_driver' exports library 'controller/libController.so'
[1.138s]   which couldn't be found
[1.138s] Call Stack (most recent call first):
[1.138s]   /opt/ros/jazzy/share/webots_ros2_driver/cmake/webots_ros2_driverConfig.cmake:41 (include)
[1.138s]   CMakeLists.txt:6 (find_package)
[1.138s] 
[1.138s] [0m
[1.139s] [33mCMake Warning at /opt/ros/jazzy/share/webots_ros2_driver/cmake/ament_cmake_export_libraries-extras.cmake:116 (message):
[1.139s]   Package 'webots_ros2_driver' exports library
[1.139s]   'controller/libCppController.so' which couldn't be found
[1.139s] Call Stack (most recent call first):
[1.139s]   /opt/ros/jazzy/share/webots_ros2_driver/cmake/webots_ros2_driverConfig.cmake:41 (include)
[1.139s]   CMakeLists.txt:6 (find_package)
[1.139s] 
[1.139s] [0m
[1.140s] [33mCMake Warning at /opt/ros/jazzy/share/webots_ros2_driver/cmake/ament_cmake_export_libraries-extras.cmake:116 (message):
[1.140s]   Package 'webots_ros2_driver' exports library 'controller/libdriver.so'
[1.140s]   which couldn't be found
[1.140s] Call Stack (most recent call first):
[1.140s]   /opt/ros/jazzy/share/webots_ros2_driver/cmake/webots_ros2_driverConfig.cmake:41 (include)
[1.141s]   CMakeLists.txt:6 (find_package)
[1.141s] 
[1.141s] [0m
[1.142s] [33mCMake Warning at /opt/ros/jazzy/share/webots_ros2_driver/cmake/ament_cmake_export_libraries-extras.cmake:116 (message):
[1.142s]   Package 'webots_ros2_driver' exports library 'controller/libCppDriver.so'
[1.142s]   which couldn't be found
[1.142s] Call Stack (most recent call first):
[1.142s]   /opt/ros/jazzy/share/webots_ros2_driver/cmake/webots_ros2_driverConfig.cmake:41 (include)
[1.142s]   CMakeLists.txt:6 (find_package)
[1.142s] 
[1.142s] [0m
[1.143s] [33mCMake Warning at /opt/ros/jazzy/share/webots_ros2_driver/cmake/ament_cmake_export_libraries-extras.cmake:116 (message):
[1.143s]   Package 'webots_ros2_driver' exports library 'controller/libcar.so' which
[1.144s]   couldn't be found
[1.144s] Call Stack (most recent call first):
[1.144s]   /opt/ros/jazzy/share/webots_ros2_driver/cmake/webots_ros2_driverConfig.cmake:41 (include)
[1.144s]   CMakeLists.txt:6 (find_package)
[1.144s] 
[1.144s] [0m
[1.145s] [33mCMake Warning at /opt/ros/jazzy/share/webots_ros2_driver/cmake/ament_cmake_export_libraries-extras.cmake:116 (message):
[1.145s]   Package 'webots_ros2_driver' exports library 'controller/libCppCar.so'
[1.145s]   which couldn't be found
[1.145s] Call Stack (most recent call first):
[1.145s]   /opt/ros/jazzy/share/webots_ros2_driver/cmake/webots_ros2_driverConfig.cmake:41 (include)
[1.145s]   CMakeLists.txt:6 (find_package)
[1.145s] 
[1.145s] [0m
[1.146s] [33mCMake Warning at /opt/ros/jazzy/share/webots_ros2_driver/cmake/ament_cmake_export_libraries-extras.cmake:116 (message):
[1.146s]   Package 'webots_ros2_driver' exports library
[1.146s]   'controller/libgeneric_robot_window.so' which couldn't be found
[1.146s] Call Stack (most recent call first):
[1.147s]   /opt/ros/jazzy/share/webots_ros2_driver/cmake/webots_ros2_driverConfig.cmake:41 (include)
[1.147s]   CMakeLists.txt:6 (find_package)
[1.147s] 
[1.147s] [0m
[1.235s] -- Configuring done (1.2s)
[1.258s] -- Generating done (0.0s)
[1.261s] -- Build files have been written to: /home/ubuntu/ros2_ws/build/my_webots_robot
[1.294s] [ 57%] [32mBuilding C object CMakeFiles/youbot_control.dir/home/ubuntu/ros2_ws/src/libraries/youbot_control/src/gripper.c.o[0m
[1.294s] [ 57%] [32mBuilding C object CMakeFiles/youbot_control.dir/home/ubuntu/ros2_ws/src/libraries/youbot_control/src/tiny_math.c.o[0m
[1.294s] [ 57%] [32mBuilding C object CMakeFiles/youbot_control.dir/home/ubuntu/ros2_ws/src/libraries/youbot_control/src/arm.c.o[0m
[1.294s] [ 57%] [32mBuilding C object CMakeFiles/youbot_control.dir/home/ubuntu/ros2_ws/src/libraries/youbot_control/src/base.c.o[0m
[1.301s] In file included from [01m[K/home/ubuntu/ros2_ws/src/libraries/youbot_control/src/base.c:21[m[K:
[1.301s] [01m[K/home/ubuntu/ros2_ws/src/my_webots_robot/../libraries/youbot_control/include/base.h:24:10:[m[K [01;31m[Kfatal error: [m[Kwebots/types.h: –ù–µ—Ç —Ç–∞–∫–æ–≥–æ —Ñ–∞–π–ª–∞ –∏–ª–∏ –∫–∞—Ç–∞–ª–æ–≥–∞
[1.301s]    24 | #include [01;31m[K<webots/types.h>[m[K
[1.301s]       |          [01;31m[K^~~~~~~~~~~~~~~~[m[K
[1.301s] In file included from [01m[K/home/ubuntu/ros2_ws/src/libraries/youbot_control/src/tiny_math.c:17[m[K:
[1.301s] [01m[K/home/ubuntu/ros2_ws/src/my_webots_robot/../libraries/youbot_control/include/tiny_math.h:24:10:[m[K [01;31m[Kfatal error: [m[Kwebots/types.h: –ù–µ—Ç —Ç–∞–∫–æ–≥–æ —Ñ–∞–π–ª–∞ –∏–ª–∏ –∫–∞—Ç–∞–ª–æ–≥–∞
[1.301s]    24 | #include [01;31m[K<webots/types.h>[m[K
[1.301s]       |          [01;31m[K^~~~~~~~~~~~~~~~[m[K
[1.301s] [01m[K/home/ubuntu/ros2_ws/src/libraries/youbot_control/src/gripper.c:23:10:[m[K [01;31m[Kfatal error: [m[Kwebots/motor.h: –ù–µ—Ç —Ç–∞–∫–æ–≥–æ —Ñ–∞–π–ª–∞ –∏–ª–∏ –∫–∞—Ç–∞–ª–æ–≥–∞
[1.302s]    23 | #include [01;31m[K<webots/motor.h>[m[K
[1.302s]       |          [01;31m[K^~~~~~~~~~~~~~~~[m[K
[1.302s] compilation terminated.
[1.302s] compilation terminated.
[1.302s] [01m[K/home/ubuntu/ros2_ws/src/libraries/youbot_control/src/arm.c:23:10:[m[K [01;31m[Kfatal error: [m[Kwebots/motor.h: –ù–µ—Ç —Ç–∞–∫–æ–≥–æ —Ñ–∞–π–ª–∞ –∏–ª–∏ –∫–∞—Ç–∞–ª–æ–≥–∞
[1.302s]    23 | #include [01;31m[K<webots/motor.h>[m[K
[1.302s]       |          [01;31m[K^~~~~~~~~~~~~~~~[m[K
[1.302s] compilation terminated.
[1.302s] compilation terminated.
[1.302s] gmake[2]: *** [CMakeFiles/youbot_control.dir/build.make:76: CMakeFiles/youbot_control.dir/home/ubuntu/ros2_ws/src/libraries/youbot_control/src/arm.c.o] –û—à–∏–±–∫–∞ 1
[1.302s] gmake[2]: *** –û–∂–∏–¥–∞–Ω–∏–µ –∑–∞–≤–µ—Ä—à–µ–Ω–∏—è –∑–∞–¥–∞–Ω–∏–π‚Ä¶
[1.302s] gmake[2]: *** [CMakeFiles/youbot_control.dir/build.make:118: CMakeFiles/youbot_control.dir/home/ubuntu/ros2_ws/src/libraries/youbot_control/src/tiny_math.c.o] –û—à–∏–±–∫–∞ 1
[1.302s] gmake[2]: *** [CMakeFiles/youbot_control.dir/build.make:90: CMakeFiles/youbot_control.dir/home/ubuntu/ros2_ws/src/libraries/youbot_control/src/base.c.o] –û—à–∏–±–∫–∞ 1
[1.302s] gmake[2]: *** [CMakeFiles/youbot_control.dir/build.make:104: CMakeFiles/youbot_control.dir/home/ubuntu/ros2_ws/src/libraries/youbot_control/src/gripper.c.o] –û—à–∏–±–∫–∞ 1
[1.302s] gmake[1]: *** [CMakeFiles/Makefile2:139: CMakeFiles/youbot_control.dir/all] –û—à–∏–±–∫–∞ 2
[1.302s] gmake: *** [Makefile:146: all] –û—à–∏–±–∫–∞ 2
[1.304s] Invoked command in '/home/ubuntu/ros2_ws/build/my_webots_robot' returned '2': DEBUGINFOD_URLS=https://debuginfod.ubuntu.com /usr/bin/cmake --build /home/ubuntu/ros2_ws/build/my_webots_robot -- -j16 -l16
