<?xml version="1.0" encoding="utf-8"?><testsuites><testsuite name="pytest" errors="0" failures="0" skipped="0" tests="4" time="0.596" timestamp="2025-09-13T11:40:39.379404" hostname="LAPTOP"><testcase classname="examples_rclpy_guard_conditions.guard_conditions.test.test_copyright" name="test_copyright" time="0.034" /><testcase classname="examples_rclpy_guard_conditions.guard_conditions.test.test_flake8" name="test_flake8" time="0.112" /><testcase classname="examples_rclpy_guard_conditions.guard_conditions.test.test_pep257" name="test_pep257" time="0.018" /><testcase classname="examples_rclpy_guard_conditions.guard_conditions.test.test_xmllint" name="test_xmllint" time="0.312" /></testsuite></testsuites>