[0.000000] (-) TimerEvent: {}
[0.001080] (motor_driver) JobQueued: {'identifier': 'motor_driver', 'dependencies': OrderedDict()}
[0.001411] (my_cam_driver) JobQueued: {'identifier': 'my_cam_driver', 'dependencies': OrderedDict()}
[0.001474] (motor_driver) JobStarted: {'identifier': 'motor_driver'}
[0.037616] (my_cam_driver) JobStarted: {'identifier': 'my_cam_driver'}
[0.099713] (-) TimerEvent: {}
[0.200295] (-) TimerEvent: {}
[0.300946] (-) TimerEvent: {}
[0.401486] (-) TimerEvent: {}
[0.502082] (-) TimerEvent: {}
[0.602504] (-) TimerEvent: {}
[0.703194] (-) TimerEvent: {}
[0.803899] (-) TimerEvent: {}
[0.904514] (-) TimerEvent: {}
[1.005344] (-) TimerEvent: {}
[1.105856] (-) TimerEvent: {}
[1.208110] (-) TimerEvent: {}
[1.308587] (-) TimerEvent: {}
[1.409082] (-) TimerEvent: {}
[1.509483] (-) TimerEvent: {}
[1.609836] (-) TimerEvent: {}
[1.710173] (-) TimerEvent: {}
[1.810715] (-) TimerEvent: {}
[1.856117] (my_cam_driver) StderrLine: {'line': b'Traceback (most recent call last):\n  File "/usr/lib/python3/dist-packages/colcon_parallel_executor/executor/parallel.py", line 75, in execute\n    loop.run_until_complete(future)\n  File "/usr/lib/python3.12/asyncio/base_events.py", line 674, in run_until_complete\n    self.run_forever()\n  File "/usr/lib/python3.12/asyncio/base_events.py", line 641, in run_forever\n    self._run_once()\n  File "/usr/lib/python3.12/asyncio/base_events.py", line 1949, in _run_once\n    event_list = self._selector.select(timeout)\n                 ^^^^^^^^^^^^^^^^^^^^^^^^^^^^^^\n  File "/usr/lib/python3.12/selectors.py", line 468, in select\n    fd_event_list = self._selector.poll(timeout, max_ev)\n                    ^^^^^^^^^^^^^^^^^^^^^^^^^^^^^^^^^^^^\nKeyboardInterrupt\n\nDuring handling of the above exception, another exception occurred:\n\nTraceback (most recent call last):\n  File "/usr/lib/python3/dist-packages/colcon_core/executor/__init__.py", line 91, in __call__\n    rc = await self.task(*args, **kwargs)\n         ^^^^^^^^^^^^^^^^^^^^^^^^^^^^^^^^\n  File "/usr/lib/python3/dist-packages/colcon_core/task/__init__.py", line 93, in __call__\n    return await task_method(*args, **kwargs)\n           ^^^^^^^^^^^^^^^^^^^^^^^^^^^^^^^^^^\n  File "/usr/lib/python3/dist-packages/colcon_ros/task/ament_python/build.py", line 102, in build\n    return await extension.build(additional_hooks=additional_hooks)\n           ^^^^^^^^^^^^^^^^^^^^^^^^^^^^^^^^^^^^^^^^^^^^^^^^^^^^^^^^\n  File "/usr/lib/python3/dist-packages/colcon_core/task/python/build.py", line 96, in build\n    available_commands = await self._get_available_commands(\n                         ^^^^^^^^^^^^^^^^^^^^^^^^^^^^^^^^^^^\n  File "/usr/lib/python3/dist-packages/colcon_core/task/python/build.py", line 194, in _get_available_commands\n    output = await check_output(\n             ^^^^^^^^^^^^^^^^^^^\n  File "/usr/lib/python3/dist-packages/colcon_core/subprocess.py", line 129, in check_output\n    assert not rc, f\'Expected {args} to pass: {stderr_data}\'\n           ^^^^^^\nAssertionError: Expected [\'/usr/bin/python3\', \'-W\', \'ignore:setup.py install is deprecated\', \'-W\', \'ignore:easy_install command is deprecated\', \'setup.py\', \'--help-commands\'] to pass: Traceback (most recent call last):\n  File "/home/ilya/ros2_ws/src/my_cam_driver/setup.py", line 5, in <module>\n    setup(\n  File "/usr/lib/python3/dist-packages/setuptools/__init__.py", line 107, in setup\n    return distutils.core.setup(**attrs)\n           ^^^^^^^^^^^^^^^^^^^^^^^^^^^^^\n  File "/usr/lib/python3/dist-packages/setuptools/_distutils/core.py", line 172, in setup\n    ok = dist.parse_command_line()\n         ^^^^^^^^^^^^^^^^^^^^^^^^^\n  File "/usr/lib/python3/dist-packages/setuptools/_distutils/dist.py", line 472, in parse_command_line\n    if self.handle_display_options(option_order):\n       ^^^^^^^^^^^^^^^^^^^^^^^^^^^^^^^^^^^^^^^^^\n  File "/usr/lib/python3/dist-packages/setuptools/dist.py", line 1209, in handle_display_options\n    return _Distribution.handle_display_options(self, option_order)\n           ^^^^^^^^^^^^^^^^^^^^^^^^^^^^^^^^^^^^^^^^^^^^^^^^^^^^^^^^\n  File "/usr/lib/python3/dist-packages/setuptools/_distutils/dist.py", line 686, in handle_display_options\n    self.print_commands()\n  File "/usr/lib/python3/dist-packages/setuptools/dist.py", line 988, in print_commands\n    cmdclass = ep.load()\n               ^^^^^^^^^\n  File "/usr/lib/python3.12/importlib/metadata/__init__.py", line 205, in load\n    module = import_module(match.group(\'module\'))\n             ^^^^^^^^^^^^^^^^^^^^^^^^^^^^^^^^^^^^\n  File "/usr/lib/python3.12/importlib/__init__.py", line 90, in import_module\n    return _bootstrap._gcd_import(name[level:], package, level)\n           ^^^^^^^^^^^^^^^^^^^^^^^^^^^^^^^^^^^^^^^^^^^^^^^^^^^^\n  File "<frozen importlib._bootstrap>", line 1387, in _gcd_import\n  File "<frozen importlib._bootstrap>", line 1360, in _find_and_load\n  File "<frozen importlib._bootstrap>", line 1331, in _find_and_load_unlocked\n  File "<frozen importlib._bootstrap>", line 935, in _load_unlocked\n  File "<frozen importlib._bootstrap_external>", line 995, in exec_module\n  File "<frozen importlib._bootstrap>", line 488, in _call_with_frames_removed\n  File "/usr/lib/python3/dist-packages/setuptools/command/develop.py", line 8, in <module>\n    from setuptools.command.easy_install import easy_install\n  File "/usr/lib/python3/dist-packages/setuptools/command/easy_install.py", line 50, in <module>\n    from setuptools.sandbox import run_setup\n  File "/usr/lib/python3/dist-packages/setuptools/sandbox.py", line 13, in <module>\n    import pkg_resources\n  File "/usr/lib/python3/dist-packages/pkg_resources/__init__.py", line 3327, in <module>\n    @_call_aside\n     ^^^^^^^^^^^\n  File "/usr/lib/python3/dist-packages/pkg_resources/__init__.py", line 3302, in _call_aside\n    f(*args, **kwargs)\n  File "/usr/lib/python3/dist-packages/pkg_resources/__init__.py", line 3340, in _initialize_master_working_set\n    working_set = WorkingSet._build_master()\n                  ^^^^^^^^^^^^^^^^^^^^^^^^^^\n  File "/usr/lib/python3/dist-packages/pkg_resources/__init__.py", line 622, in _build_master\n    ws = cls()\n         ^^^^^\n  File "/usr/lib/python3/dist-packages/pkg_resources/__init__.py", line 615, in __init__\n    self.add_entry(entry)\n  File "/usr/lib/python3/dist-packages/pkg_resources/__init__.py", line 671, in add_entry\n    for dist in find_distributions(entry, True):\n  File "/usr/lib/python3/dist-packages/pkg_resources/__init__.py", line 2134, in find_on_path\n    for dist in factory(fullpath):\n  File "/usr/lib/python3/dist-packages/pkg_resources/__init__.py", line 2199, in distributions_from_metadata\n    yield Distribution.from_location(\n          ^^^^^^^^^^^^^^^^^^^^^^^^^^^\n  File "/usr/lib/python3/dist-packages/pkg_resources/__init__.py", line 2673, in from_location\n    )._reload_version()\n      ^^^^^^^^^^^^^^^^^\n  File "/usr/lib/python3/dist-packages/pkg_resources/__init__.py", line 3081, in _reload_version\n    md_version = self._get_version()\n                 ^^^^^^^^^^^^^^^^^^^\n  File "/usr/lib/python3/dist-packages/pkg_resources/__init__.py", line 2858, in _get_version\n    version = _version_from_file(lines)\n              ^^^^^^^^^^^^^^^^^^^^^^^^^\n  File "/usr/lib/python3/dist-packages/pkg_resources/__init__.py", line 2624, in _version_from_file\n    line = next(iter(version_lines), \'\')\n           ^^^^^^^^^^^^^^^^^^^^^^^^^^^^^\n  File "/usr/lib/python3/dist-packages/pkg_resources/__init__.py", line 2853, in _get_metadata\n    for line in self.get_metadata_lines(name):\n                ^^^^^^^^^^^^^^^^^^^^^^^^^^^^^\n  File "/usr/lib/python3/dist-packages/pkg_resources/__init__.py", line 1529, in get_metadata_lines\n    return yield_lines(self.get_metadata(name))\n                       ^^^^^^^^^^^^^^^^^^^^^^^\n  File "/usr/lib/python3/dist-packages/pkg_resources/__init__.py", line 1519, in get_metadata\n    value = self._get(path)\n            ^^^^^^^^^^^^^^^\n  File "/usr/lib/python3/dist-packages/pkg_resources/__init__.py", line 1728, in _get\n    return stream.read()\n           ^^^^^^^^^^^^^\nKeyboardInterrupt\n\n'}
[1.857771] (my_cam_driver) JobEnded: {'identifier': 'my_cam_driver', 'rc': 'SIGINT'}
[1.858252] (motor_driver) JobEnded: {'identifier': 'motor_driver', 'rc': 'SIGINT'}
[1.866757] (-) EventReactorShutdown: {}
