[0.017s] Invoking command in '/home/ubuntu/ros2_ws/build/my_webots_robot': DEBUGINFOD_URLS=https://debuginfod.ubuntu.com /usr/bin/cmake /home/ubuntu/ros2_ws/src/my_webots_robot -DCATKIN_INSTALL_INTO_PREFIX_ROOT=0 -DCATKIN_SYMLINK_INSTALL=ON -DCMAKE_INSTALL_PREFIX=/home/ubuntu/ros2_ws/install/my_webots_robot
[0.137s] -- The C compiler identification is GNU 13.3.0
[0.237s] -- The CXX compiler identification is GNU 13.3.0
[0.272s] -- Detecting C compiler ABI info
[0.449s] -- Detecting C compiler ABI info - done
[0.462s] -- Check for working C compiler: /usr/bin/cc - skipped
[0.462s] -- Detecting C compile features
[0.463s] -- Detecting C compile features - done
[0.479s] -- Detecting CXX compiler ABI info
[0.650s] -- Detecting CXX compiler ABI info - done
[0.663s] -- Check for working CXX compiler: /usr/bin/c++ - skipped
[0.663s] -- Detecting CXX compile features
[0.664s] -- Detecting CXX compile features - done
[0.668s] -- Found ament_cmake: 2.5.4 (/opt/ros/jazzy/share/ament_cmake/cmake)
[0.888s] -- Found Python3: /usr/bin/python3 (found version "3.12.3") found components: Interpreter 
[1.039s] -- Found rclcpp: 28.1.12 (/opt/ros/jazzy/share/rclcpp/cmake)
[1.072s] -- Found rosidl_generator_c: 4.6.6 (/opt/ros/jazzy/share/rosidl_generator_c/cmake)
[1.082s] -- Found rosidl_generator_cpp: 4.6.6 (/opt/ros/jazzy/share/rosidl_generator_cpp/cmake)
[1.093s] -- Using all available rosidl_typesupport_c: rosidl_typesupport_fastrtps_c;rosidl_typesupport_introspection_c
[1.104s] -- Using all available rosidl_typesupport_cpp: rosidl_typesupport_fastrtps_cpp;rosidl_typesupport_introspection_cpp
[1.167s] -- Found rmw_implementation_cmake: 7.3.2 (/opt/ros/jazzy/share/rmw_implementation_cmake/cmake)
[1.169s] -- Found rmw_fastrtps_cpp: 8.4.3 (/opt/ros/jazzy/share/rmw_fastrtps_cpp/cmake)
[1.240s] -- Found OpenSSL: /usr/lib/x86_64-linux-gnu/libcrypto.so (found version "3.0.13")  
[1.255s] -- Found FastRTPS: /opt/ros/jazzy/include (Required is at least version "2.13") 
[1.273s] -- Using RMW implementation 'rmw_fastrtps_cpp' as default
[1.334s] -- Found webots_ros2_driver: 2025.0.0 (/opt/ros/jazzy/share/webots_ros2_driver/cmake)
[1.393s] -- Found eigen3_cmake_module: 0.3.0 (/opt/ros/jazzy/share/eigen3_cmake_module/cmake)
[1.394s] -- Found Eigen3: TRUE (found version "3.4.0") 
[1.394s] -- Ensuring Eigen3 include directory is part of orocos-kdl CMake target
[1.554s] [33mCMake Warning at /opt/ros/jazzy/share/webots_ros2_driver/cmake/ament_cmake_export_libraries-extras.cmake:116 (message):
[1.554s]   Package 'webots_ros2_driver' exports library 'controller/libController.so'
[1.555s]   which couldn't be found
[1.555s] Call Stack (most recent call first):
[1.555s]   /opt/ros/jazzy/share/webots_ros2_driver/cmake/webots_ros2_driverConfig.cmake:41 (include)
[1.555s]   CMakeLists.txt:6 (find_package)
[1.555s] 
[1.555s] [0m
[1.555s] [33mCMake Warning at /opt/ros/jazzy/share/webots_ros2_driver/cmake/ament_cmake_export_libraries-extras.cmake:116 (message):
[1.555s]   Package 'webots_ros2_driver' exports library
[1.555s]   'controller/libCppController.so' which couldn't be found
[1.555s] Call Stack (most recent call first):
[1.555s]   /opt/ros/jazzy/share/webots_ros2_driver/cmake/webots_ros2_driverConfig.cmake:41 (include)
[1.555s]   CMakeLists.txt:6 (find_package)
[1.555s] 
[1.555s] [0m
[1.556s] [33mCMake Warning at /opt/ros/jazzy/share/webots_ros2_driver/cmake/ament_cmake_export_libraries-extras.cmake:116 (message):
[1.556s]   Package 'webots_ros2_driver' exports library 'controller/libdriver.so'
[1.556s]   which couldn't be found
[1.556s] Call Stack (most recent call first):
[1.556s]   /opt/ros/jazzy/share/webots_ros2_driver/cmake/webots_ros2_driverConfig.cmake:41 (include)
[1.556s]   CMakeLists.txt:6 (find_package)
[1.556s] 
[1.556s] [0m
[1.557s] [33mCMake Warning at /opt/ros/jazzy/share/webots_ros2_driver/cmake/ament_cmake_export_libraries-extras.cmake:116 (message):
[1.557s]   Package 'webots_ros2_driver' exports library 'controller/libCppDriver.so'
[1.557s]   which couldn't be found
[1.557s] Call Stack (most recent call first):
[1.557s]   /opt/ros/jazzy/share/webots_ros2_driver/cmake/webots_ros2_driverConfig.cmake:41 (include)
[1.557s]   CMakeLists.txt:6 (find_package)
[1.557s] 
[1.557s] [0m
[1.558s] [33mCMake Warning at /opt/ros/jazzy/share/webots_ros2_driver/cmake/ament_cmake_export_libraries-extras.cmake:116 (message):
[1.558s]   Package 'webots_ros2_driver' exports library 'controller/libcar.so' which
[1.558s]   couldn't be found
[1.558s] Call Stack (most recent call first):
[1.558s]   /opt/ros/jazzy/share/webots_ros2_driver/cmake/webots_ros2_driverConfig.cmake:41 (include)
[1.558s]   CMakeLists.txt:6 (find_package)
[1.558s] 
[1.558s] [0m
[1.558s] [33mCMake Warning at /opt/ros/jazzy/share/webots_ros2_driver/cmake/ament_cmake_export_libraries-extras.cmake:116 (message):
[1.559s]   Package 'webots_ros2_driver' exports library 'controller/libCppCar.so'
[1.559s]   which couldn't be found
[1.559s] Call Stack (most recent call first):
[1.559s]   /opt/ros/jazzy/share/webots_ros2_driver/cmake/webots_ros2_driverConfig.cmake:41 (include)
[1.559s]   CMakeLists.txt:6 (find_package)
[1.559s] 
[1.559s] [0m
[1.559s] [33mCMake Warning at /opt/ros/jazzy/share/webots_ros2_driver/cmake/ament_cmake_export_libraries-extras.cmake:116 (message):
[1.559s]   Package 'webots_ros2_driver' exports library
[1.559s]   'controller/libgeneric_robot_window.so' which couldn't be found
[1.559s] Call Stack (most recent call first):
[1.560s]   /opt/ros/jazzy/share/webots_ros2_driver/cmake/webots_ros2_driverConfig.cmake:41 (include)
[1.560s]   CMakeLists.txt:6 (find_package)
[1.560s] 
[1.560s] [0m
[1.627s] -- Configuring done (1.6s)
[1.652s] -- Generating done (0.0s)
[1.653s] [33mCMake Warning:
[1.653s]   Manually-specified variables were not used by the project:
[1.653s] 
[1.653s]     CATKIN_INSTALL_INTO_PREFIX_ROOT
[1.653s]     CATKIN_SYMLINK_INSTALL
[1.654s] 
[1.654s] [0m
[1.656s] -- Build files have been written to: /home/ubuntu/ros2_ws/build/my_webots_robot
[1.665s] Invoked command in '/home/ubuntu/ros2_ws/build/my_webots_robot' returned '0': DEBUGINFOD_URLS=https://debuginfod.ubuntu.com /usr/bin/cmake /home/ubuntu/ros2_ws/src/my_webots_robot -DCATKIN_INSTALL_INTO_PREFIX_ROOT=0 -DCATKIN_SYMLINK_INSTALL=ON -DCMAKE_INSTALL_PREFIX=/home/ubuntu/ros2_ws/install/my_webots_robot
[1.667s] Invoking command in '/home/ubuntu/ros2_ws/build/my_webots_robot': DEBUGINFOD_URLS=https://debuginfod.ubuntu.com /usr/bin/cmake --build /home/ubuntu/ros2_ws/build/my_webots_robot -- -j16 -l16
[1.712s] [ 28%] [32mBuilding C object CMakeFiles/youbot_control.dir/home/ubuntu/ros2_ws/src/libraries/youbot_control/src/base.c.o[0m
[1.712s] [ 28%] [32mBuilding C object CMakeFiles/youbot_control.dir/home/ubuntu/ros2_ws/src/libraries/youbot_control/src/gripper.c.o[0m
[1.712s] [ 42%] [32mBuilding C object CMakeFiles/youbot_control.dir/home/ubuntu/ros2_ws/src/libraries/youbot_control/src/arm.c.o[0m
[1.713s] [ 57%] [32mBuilding C object CMakeFiles/youbot_control.dir/home/ubuntu/ros2_ws/src/libraries/youbot_control/src/tiny_math.c.o[0m
[1.720s] [01m[K/home/ubuntu/ros2_ws/src/libraries/youbot_control/src/gripper.c:23:10:[m[K [01;31m[Kfatal error: [m[Kwebots/motor.h: –ù–µ—Ç —Ç–∞–∫–æ–≥–æ —Ñ–∞–π–ª–∞ –∏–ª–∏ –∫–∞—Ç–∞–ª–æ–≥–∞
[1.720s]    23 | #include [01;31m[K<webots/motor.h>[m[K
[1.720s]       |          [01;31m[K^~~~~~~~~~~~~~~~[m[K
[1.720s] compilation terminated.
[1.720s] In file included from [01m[K/home/ubuntu/ros2_ws/src/libraries/youbot_control/src/tiny_math.c:17[m[K:
[1.720s] [01m[K/home/ubuntu/ros2_ws/src/my_webots_robot/../libraries/youbot_control/include/tiny_math.h:24:10:[m[K [01;31m[Kfatal error: [m[Kwebots/types.h: –ù–µ—Ç —Ç–∞–∫–æ–≥–æ —Ñ–∞–π–ª–∞ –∏–ª–∏ –∫–∞—Ç–∞–ª–æ–≥–∞
[1.720s]    24 | #include [01;31m[K<webots/types.h>[m[K
[1.720s]       |          [01;31m[K^~~~~~~~~~~~~~~~[m[K
[1.720s] [01m[K/home/ubuntu/ros2_ws/src/libraries/youbot_control/src/arm.c:23:10:[m[K [01;31m[Kfatal error: [m[Kwebots/motor.h: –ù–µ—Ç —Ç–∞–∫–æ–≥–æ —Ñ–∞–π–ª–∞ –∏–ª–∏ –∫–∞—Ç–∞–ª–æ–≥–∞
[1.720s]    23 | #include [01;31m[K<webots/motor.h>[m[K
[1.720s]       |          [01;31m[K^~~~~~~~~~~~~~~~[m[K
[1.721s] compilation terminated.
[1.721s] compilation terminated.
[1.721s] In file included from [01m[K/home/ubuntu/ros2_ws/src/libraries/youbot_control/src/base.c:21[m[K:
[1.721s] [01m[K/home/ubuntu/ros2_ws/src/my_webots_robot/../libraries/youbot_control/include/base.h:24:10:[m[K [01;31m[Kfatal error: [m[Kwebots/types.h: –ù–µ—Ç —Ç–∞–∫–æ–≥–æ —Ñ–∞–π–ª–∞ –∏–ª–∏ –∫–∞—Ç–∞–ª–æ–≥–∞
[1.721s]    24 | #include [01;31m[K<webots/types.h>[m[K
[1.721s]       |          [01;31m[K^~~~~~~~~~~~~~~~[m[K
[1.721s] compilation terminated.
[1.721s] gmake[2]: *** [CMakeFiles/youbot_control.dir/build.make:118: CMakeFiles/youbot_control.dir/home/ubuntu/ros2_ws/src/libraries/youbot_control/src/tiny_math.c.o] –û—à–∏–±–∫–∞ 1
[1.722s] gmake[2]: *** –û–∂–∏–¥–∞–Ω–∏–µ –∑–∞–≤–µ—Ä—à–µ–Ω–∏—è –∑–∞–¥–∞–Ω–∏–π‚Ä¶
[1.722s] gmake[2]: *** [CMakeFiles/youbot_control.dir/build.make:104: CMakeFiles/youbot_control.dir/home/ubuntu/ros2_ws/src/libraries/youbot_control/src/gripper.c.o] –û—à–∏–±–∫–∞ 1
[1.722s] gmake[2]: *** [CMakeFiles/youbot_control.dir/build.make:76: CMakeFiles/youbot_control.dir/home/ubuntu/ros2_ws/src/libraries/youbot_control/src/arm.c.o] –û—à–∏–±–∫–∞ 1
[1.722s] gmake[2]: *** [CMakeFiles/youbot_control.dir/build.make:90: CMakeFiles/youbot_control.dir/home/ubuntu/ros2_ws/src/libraries/youbot_control/src/base.c.o] –û—à–∏–±–∫–∞ 1
[1.722s] gmake[1]: *** [CMakeFiles/Makefile2:139: CMakeFiles/youbot_control.dir/all] –û—à–∏–±–∫–∞ 2
[1.723s] gmake: *** [Makefile:146: all] –û—à–∏–±–∫–∞ 2
[1.725s] Invoked command in '/home/ubuntu/ros2_ws/build/my_webots_robot' returned '2': DEBUGINFOD_URLS=https://debuginfod.ubuntu.com /usr/bin/cmake --build /home/ubuntu/ros2_ws/build/my_webots_robot -- -j16 -l16
